2024-12-06 17:59:38.404 +02:00 [WRN] Sensitive data logging is enabled. Log entries and exception messages may include sensitive application data; this mode should only be enabled during development.
2024-12-06 17:59:38.970 +02:00 [INF] Executed DbCommand (223ms) [Parameters=[], CommandType='"Text"', CommandTimeout='60']
CREATE DATABASE [FlipCardsDB];
2024-12-06 17:59:38.979 +02:00 [INF] info: 06/12/2024 17:59:38.979 RelationalEventId.CommandExecuted[20101] (Microsoft.EntityFrameworkCore.Database.Command) 
      Executed DbCommand (223ms) [Parameters=[], CommandType='Text', CommandTimeout='60']
      CREATE DATABASE [FlipCardsDB];
2024-12-06 17:59:39.020 +02:00 [INF] Executed DbCommand (38ms) [Parameters=[], CommandType='"Text"', CommandTimeout='60']
IF SERVERPROPERTY('EngineEdition') <> 5
BEGIN
    ALTER DATABASE [FlipCardsDB] SET READ_COMMITTED_SNAPSHOT ON;
END;
2024-12-06 17:59:39.020 +02:00 [INF] info: 06/12/2024 17:59:39.020 RelationalEventId.CommandExecuted[20101] (Microsoft.EntityFrameworkCore.Database.Command) 
      Executed DbCommand (38ms) [Parameters=[], CommandType='Text', CommandTimeout='60']
      IF SERVERPROPERTY('EngineEdition') <> 5
      BEGIN
          ALTER DATABASE [FlipCardsDB] SET READ_COMMITTED_SNAPSHOT ON;
      END;
2024-12-06 17:59:39.035 +02:00 [INF] Executed DbCommand (5ms) [Parameters=[], CommandType='"Text"', CommandTimeout='30']
SELECT 1
2024-12-06 17:59:39.035 +02:00 [INF] info: 06/12/2024 17:59:39.035 RelationalEventId.CommandExecuted[20101] (Microsoft.EntityFrameworkCore.Database.Command) 
      Executed DbCommand (5ms) [Parameters=[], CommandType='Text', CommandTimeout='30']
      SELECT 1
2024-12-06 17:59:39.037 +02:00 [INF] Acquiring an exclusive lock for migration application. See https://aka.ms/efcore-docs-migrations-lock for more information if this takes too long.
2024-12-06 17:59:39.050 +02:00 [INF] Executed DbCommand (12ms) [Parameters=[], CommandType='"Text"', CommandTimeout='30']
DECLARE @result int;
EXEC @result = sp_getapplock @Resource = '__EFMigrationsLock', @LockOwner = 'Session', @LockMode = 'Exclusive';
SELECT @result
2024-12-06 17:59:39.050 +02:00 [INF] info: 06/12/2024 17:59:39.050 RelationalEventId.CommandExecuted[20101] (Microsoft.EntityFrameworkCore.Database.Command) 
      Executed DbCommand (12ms) [Parameters=[], CommandType='Text', CommandTimeout='30']
      DECLARE @result int;
      EXEC @result = sp_getapplock @Resource = '__EFMigrationsLock', @LockOwner = 'Session', @LockMode = 'Exclusive';
      SELECT @result
2024-12-06 17:59:39.092 +02:00 [INF] Executed DbCommand (10ms) [Parameters=[], CommandType='"Text"', CommandTimeout='30']
IF OBJECT_ID(N'[__EFMigrationsHistory]') IS NULL
BEGIN
    CREATE TABLE [__EFMigrationsHistory] (
        [MigrationId] nvarchar(150) NOT NULL,
        [ProductVersion] nvarchar(32) NOT NULL,
        CONSTRAINT [PK___EFMigrationsHistory] PRIMARY KEY ([MigrationId])
    );
END;
2024-12-06 17:59:39.093 +02:00 [INF] info: 06/12/2024 17:59:39.093 RelationalEventId.CommandExecuted[20101] (Microsoft.EntityFrameworkCore.Database.Command) 
      Executed DbCommand (10ms) [Parameters=[], CommandType='Text', CommandTimeout='30']
      IF OBJECT_ID(N'[__EFMigrationsHistory]') IS NULL
      BEGIN
          CREATE TABLE [__EFMigrationsHistory] (
              [MigrationId] nvarchar(150) NOT NULL,
              [ProductVersion] nvarchar(32) NOT NULL,
              CONSTRAINT [PK___EFMigrationsHistory] PRIMARY KEY ([MigrationId])
          );
      END;
2024-12-06 17:59:39.101 +02:00 [INF] Executed DbCommand (1ms) [Parameters=[], CommandType='"Text"', CommandTimeout='30']
SELECT 1
2024-12-06 17:59:39.101 +02:00 [INF] info: 06/12/2024 17:59:39.101 RelationalEventId.CommandExecuted[20101] (Microsoft.EntityFrameworkCore.Database.Command) 
      Executed DbCommand (1ms) [Parameters=[], CommandType='Text', CommandTimeout='30']
      SELECT 1
2024-12-06 17:59:39.102 +02:00 [INF] Executed DbCommand (0ms) [Parameters=[], CommandType='"Text"', CommandTimeout='30']
SELECT OBJECT_ID(N'[__EFMigrationsHistory]');
2024-12-06 17:59:39.102 +02:00 [INF] info: 06/12/2024 17:59:39.102 RelationalEventId.CommandExecuted[20101] (Microsoft.EntityFrameworkCore.Database.Command) 
      Executed DbCommand (0ms) [Parameters=[], CommandType='Text', CommandTimeout='30']
      SELECT OBJECT_ID(N'[__EFMigrationsHistory]');
2024-12-06 17:59:39.105 +02:00 [INF] Executed DbCommand (1ms) [Parameters=[], CommandType='"Text"', CommandTimeout='30']
SELECT [MigrationId], [ProductVersion]
FROM [__EFMigrationsHistory]
ORDER BY [MigrationId];
2024-12-06 17:59:39.105 +02:00 [INF] info: 06/12/2024 17:59:39.105 RelationalEventId.CommandExecuted[20101] (Microsoft.EntityFrameworkCore.Database.Command) 
      Executed DbCommand (1ms) [Parameters=[], CommandType='Text', CommandTimeout='30']
      SELECT [MigrationId], [ProductVersion]
      FROM [__EFMigrationsHistory]
      ORDER BY [MigrationId];
2024-12-06 17:59:39.116 +02:00 [INF] Applying migration '20241128184506_Initial'.
2024-12-06 17:59:39.135 +02:00 [INF] Executed DbCommand (5ms) [Parameters=[], CommandType='"Text"', CommandTimeout='30']
CREATE TABLE [Users] (
    [Id] int NOT NULL IDENTITY,
    [Name] nvarchar(100) NOT NULL,
    [Email] nvarchar(max) NOT NULL,
    CONSTRAINT [PK_Users] PRIMARY KEY ([Id])
);
2024-12-06 17:59:39.135 +02:00 [INF] info: 06/12/2024 17:59:39.135 RelationalEventId.CommandExecuted[20101] (Microsoft.EntityFrameworkCore.Database.Command) 
      Executed DbCommand (5ms) [Parameters=[], CommandType='Text', CommandTimeout='30']
      CREATE TABLE [Users] (
          [Id] int NOT NULL IDENTITY,
          [Name] nvarchar(100) NOT NULL,
          [Email] nvarchar(max) NOT NULL,
          CONSTRAINT [PK_Users] PRIMARY KEY ([Id])
      );
2024-12-06 17:59:39.138 +02:00 [INF] Executed DbCommand (3ms) [Parameters=[], CommandType='"Text"', CommandTimeout='30']
CREATE TABLE [FlipCardSets] (
    [Id] int NOT NULL IDENTITY,
    [UserId] int NOT NULL,
    [Name] nvarchar(100) NOT NULL,
    CONSTRAINT [PK_FlipCardSets] PRIMARY KEY ([Id]),
    CONSTRAINT [FK_FlipCardSets_Users_UserId] FOREIGN KEY ([UserId]) REFERENCES [Users] ([Id]) ON DELETE CASCADE
);
2024-12-06 17:59:39.138 +02:00 [INF] info: 06/12/2024 17:59:39.138 RelationalEventId.CommandExecuted[20101] (Microsoft.EntityFrameworkCore.Database.Command) 
      Executed DbCommand (3ms) [Parameters=[], CommandType='Text', CommandTimeout='30']
      CREATE TABLE [FlipCardSets] (
          [Id] int NOT NULL IDENTITY,
          [UserId] int NOT NULL,
          [Name] nvarchar(100) NOT NULL,
          CONSTRAINT [PK_FlipCardSets] PRIMARY KEY ([Id]),
          CONSTRAINT [FK_FlipCardSets_Users_UserId] FOREIGN KEY ([UserId]) REFERENCES [Users] ([Id]) ON DELETE CASCADE
      );
2024-12-06 17:59:39.139 +02:00 [INF] Executed DbCommand (1ms) [Parameters=[], CommandType='"Text"', CommandTimeout='30']
CREATE TABLE [Flipcard] (
    [Id] int NOT NULL IDENTITY,
    [Question] nvarchar(30) NOT NULL,
    [Concept] nvarchar(30) NOT NULL,
    [Mnemonic] nvarchar(30) NOT NULL,
    [State] nvarchar(max) NOT NULL,
    [SetId] int NOT NULL,
    CONSTRAINT [PK_Flipcard] PRIMARY KEY ([Id]),
    CONSTRAINT [FK_Flipcard_FlipCardSets_SetId] FOREIGN KEY ([SetId]) REFERENCES [FlipCardSets] ([Id]) ON DELETE CASCADE
);
2024-12-06 17:59:39.139 +02:00 [INF] info: 06/12/2024 17:59:39.139 RelationalEventId.CommandExecuted[20101] (Microsoft.EntityFrameworkCore.Database.Command) 
      Executed DbCommand (1ms) [Parameters=[], CommandType='Text', CommandTimeout='30']
      CREATE TABLE [Flipcard] (
          [Id] int NOT NULL IDENTITY,
          [Question] nvarchar(30) NOT NULL,
          [Concept] nvarchar(30) NOT NULL,
          [Mnemonic] nvarchar(30) NOT NULL,
          [State] nvarchar(max) NOT NULL,
          [SetId] int NOT NULL,
          CONSTRAINT [PK_Flipcard] PRIMARY KEY ([Id]),
          CONSTRAINT [FK_Flipcard_FlipCardSets_SetId] FOREIGN KEY ([SetId]) REFERENCES [FlipCardSets] ([Id]) ON DELETE CASCADE
      );
2024-12-06 17:59:39.143 +02:00 [INF] Executed DbCommand (4ms) [Parameters=[], CommandType='"Text"', CommandTimeout='30']
CREATE INDEX [IX_Flipcard_SetId] ON [Flipcard] ([SetId]);
2024-12-06 17:59:39.144 +02:00 [INF] info: 06/12/2024 17:59:39.144 RelationalEventId.CommandExecuted[20101] (Microsoft.EntityFrameworkCore.Database.Command) 
      Executed DbCommand (4ms) [Parameters=[], CommandType='Text', CommandTimeout='30']
      CREATE INDEX [IX_Flipcard_SetId] ON [Flipcard] ([SetId]);
2024-12-06 17:59:39.144 +02:00 [INF] Executed DbCommand (1ms) [Parameters=[], CommandType='"Text"', CommandTimeout='30']
CREATE INDEX [IX_FlipCardSets_UserId] ON [FlipCardSets] ([UserId]);
2024-12-06 17:59:39.144 +02:00 [INF] info: 06/12/2024 17:59:39.144 RelationalEventId.CommandExecuted[20101] (Microsoft.EntityFrameworkCore.Database.Command) 
      Executed DbCommand (1ms) [Parameters=[], CommandType='Text', CommandTimeout='30']
      CREATE INDEX [IX_FlipCardSets_UserId] ON [FlipCardSets] ([UserId]);
2024-12-06 17:59:39.147 +02:00 [INF] Executed DbCommand (2ms) [Parameters=[], CommandType='"Text"', CommandTimeout='30']
INSERT INTO [__EFMigrationsHistory] ([MigrationId], [ProductVersion])
VALUES (N'20241128184506_Initial', N'9.0.0');
2024-12-06 17:59:39.147 +02:00 [INF] info: 06/12/2024 17:59:39.147 RelationalEventId.CommandExecuted[20101] (Microsoft.EntityFrameworkCore.Database.Command) 
      Executed DbCommand (2ms) [Parameters=[], CommandType='Text', CommandTimeout='30']
      INSERT INTO [__EFMigrationsHistory] ([MigrationId], [ProductVersion])
      VALUES (N'20241128184506_Initial', N'9.0.0');
2024-12-06 17:59:39.147 +02:00 [INF] Applying migration '20241128192041_Initial1'.
2024-12-06 17:59:39.194 +02:00 [INF] Executed DbCommand (38ms) [Parameters=[], CommandType='"Text"', CommandTimeout='30']
DECLARE @var0 sysname;
SELECT @var0 = [d].[name]
FROM [sys].[default_constraints] [d]
INNER JOIN [sys].[columns] [c] ON [d].[parent_column_id] = [c].[column_id] AND [d].[parent_object_id] = [c].[object_id]
WHERE ([d].[parent_object_id] = OBJECT_ID(N'[Flipcard]') AND [c].[name] = N'Question');
IF @var0 IS NOT NULL EXEC(N'ALTER TABLE [Flipcard] DROP CONSTRAINT [' + @var0 + '];');
ALTER TABLE [Flipcard] ALTER COLUMN [Question] nvarchar(300) NOT NULL;
2024-12-06 17:59:39.194 +02:00 [INF] info: 06/12/2024 17:59:39.194 RelationalEventId.CommandExecuted[20101] (Microsoft.EntityFrameworkCore.Database.Command) 
      Executed DbCommand (38ms) [Parameters=[], CommandType='Text', CommandTimeout='30']
      DECLARE @var0 sysname;
      SELECT @var0 = [d].[name]
      FROM [sys].[default_constraints] [d]
      INNER JOIN [sys].[columns] [c] ON [d].[parent_column_id] = [c].[column_id] AND [d].[parent_object_id] = [c].[object_id]
      WHERE ([d].[parent_object_id] = OBJECT_ID(N'[Flipcard]') AND [c].[name] = N'Question');
      IF @var0 IS NOT NULL EXEC(N'ALTER TABLE [Flipcard] DROP CONSTRAINT [' + @var0 + '];');
      ALTER TABLE [Flipcard] ALTER COLUMN [Question] nvarchar(300) NOT NULL;
2024-12-06 17:59:39.201 +02:00 [INF] Executed DbCommand (7ms) [Parameters=[], CommandType='"Text"', CommandTimeout='30']
DECLARE @var1 sysname;
SELECT @var1 = [d].[name]
FROM [sys].[default_constraints] [d]
INNER JOIN [sys].[columns] [c] ON [d].[parent_column_id] = [c].[column_id] AND [d].[parent_object_id] = [c].[object_id]
WHERE ([d].[parent_object_id] = OBJECT_ID(N'[Flipcard]') AND [c].[name] = N'Mnemonic');
IF @var1 IS NOT NULL EXEC(N'ALTER TABLE [Flipcard] DROP CONSTRAINT [' + @var1 + '];');
ALTER TABLE [Flipcard] ALTER COLUMN [Mnemonic] nvarchar(300) NOT NULL;
2024-12-06 17:59:39.201 +02:00 [INF] info: 06/12/2024 17:59:39.201 RelationalEventId.CommandExecuted[20101] (Microsoft.EntityFrameworkCore.Database.Command) 
      Executed DbCommand (7ms) [Parameters=[], CommandType='Text', CommandTimeout='30']
      DECLARE @var1 sysname;
      SELECT @var1 = [d].[name]
      FROM [sys].[default_constraints] [d]
      INNER JOIN [sys].[columns] [c] ON [d].[parent_column_id] = [c].[column_id] AND [d].[parent_object_id] = [c].[object_id]
      WHERE ([d].[parent_object_id] = OBJECT_ID(N'[Flipcard]') AND [c].[name] = N'Mnemonic');
      IF @var1 IS NOT NULL EXEC(N'ALTER TABLE [Flipcard] DROP CONSTRAINT [' + @var1 + '];');
      ALTER TABLE [Flipcard] ALTER COLUMN [Mnemonic] nvarchar(300) NOT NULL;
2024-12-06 17:59:39.208 +02:00 [INF] Executed DbCommand (6ms) [Parameters=[], CommandType='"Text"', CommandTimeout='30']
DECLARE @var2 sysname;
SELECT @var2 = [d].[name]
FROM [sys].[default_constraints] [d]
INNER JOIN [sys].[columns] [c] ON [d].[parent_column_id] = [c].[column_id] AND [d].[parent_object_id] = [c].[object_id]
WHERE ([d].[parent_object_id] = OBJECT_ID(N'[Flipcard]') AND [c].[name] = N'Concept');
IF @var2 IS NOT NULL EXEC(N'ALTER TABLE [Flipcard] DROP CONSTRAINT [' + @var2 + '];');
ALTER TABLE [Flipcard] ALTER COLUMN [Concept] nvarchar(300) NOT NULL;
2024-12-06 17:59:39.208 +02:00 [INF] info: 06/12/2024 17:59:39.208 RelationalEventId.CommandExecuted[20101] (Microsoft.EntityFrameworkCore.Database.Command) 
      Executed DbCommand (6ms) [Parameters=[], CommandType='Text', CommandTimeout='30']
      DECLARE @var2 sysname;
      SELECT @var2 = [d].[name]
      FROM [sys].[default_constraints] [d]
      INNER JOIN [sys].[columns] [c] ON [d].[parent_column_id] = [c].[column_id] AND [d].[parent_object_id] = [c].[object_id]
      WHERE ([d].[parent_object_id] = OBJECT_ID(N'[Flipcard]') AND [c].[name] = N'Concept');
      IF @var2 IS NOT NULL EXEC(N'ALTER TABLE [Flipcard] DROP CONSTRAINT [' + @var2 + '];');
      ALTER TABLE [Flipcard] ALTER COLUMN [Concept] nvarchar(300) NOT NULL;
2024-12-06 17:59:39.208 +02:00 [INF] Executed DbCommand (0ms) [Parameters=[], CommandType='"Text"', CommandTimeout='30']
INSERT INTO [__EFMigrationsHistory] ([MigrationId], [ProductVersion])
VALUES (N'20241128192041_Initial1', N'9.0.0');
2024-12-06 17:59:39.208 +02:00 [INF] info: 06/12/2024 17:59:39.208 RelationalEventId.CommandExecuted[20101] (Microsoft.EntityFrameworkCore.Database.Command) 
      Executed DbCommand (0ms) [Parameters=[], CommandType='Text', CommandTimeout='30']
      INSERT INTO [__EFMigrationsHistory] ([MigrationId], [ProductVersion])
      VALUES (N'20241128192041_Initial1', N'9.0.0');
2024-12-06 17:59:39.209 +02:00 [INF] Applying migration '20241128194222_Initial2'.
2024-12-06 17:59:39.225 +02:00 [INF] Executed DbCommand (11ms) [Parameters=[], CommandType='"Text"', CommandTimeout='30']
DECLARE @var3 sysname;
SELECT @var3 = [d].[name]
FROM [sys].[default_constraints] [d]
INNER JOIN [sys].[columns] [c] ON [d].[parent_column_id] = [c].[column_id] AND [d].[parent_object_id] = [c].[object_id]
WHERE ([d].[parent_object_id] = OBJECT_ID(N'[Flipcard]') AND [c].[name] = N'State');
IF @var3 IS NOT NULL EXEC(N'ALTER TABLE [Flipcard] DROP CONSTRAINT [' + @var3 + '];');
ALTER TABLE [Flipcard] DROP COLUMN [State];
2024-12-06 17:59:39.225 +02:00 [INF] info: 06/12/2024 17:59:39.225 RelationalEventId.CommandExecuted[20101] (Microsoft.EntityFrameworkCore.Database.Command) 
      Executed DbCommand (11ms) [Parameters=[], CommandType='Text', CommandTimeout='30']
      DECLARE @var3 sysname;
      SELECT @var3 = [d].[name]
      FROM [sys].[default_constraints] [d]
      INNER JOIN [sys].[columns] [c] ON [d].[parent_column_id] = [c].[column_id] AND [d].[parent_object_id] = [c].[object_id]
      WHERE ([d].[parent_object_id] = OBJECT_ID(N'[Flipcard]') AND [c].[name] = N'State');
      IF @var3 IS NOT NULL EXEC(N'ALTER TABLE [Flipcard] DROP CONSTRAINT [' + @var3 + '];');
      ALTER TABLE [Flipcard] DROP COLUMN [State];
2024-12-06 17:59:39.226 +02:00 [INF] Executed DbCommand (1ms) [Parameters=[], CommandType='"Text"', CommandTimeout='30']
INSERT INTO [__EFMigrationsHistory] ([MigrationId], [ProductVersion])
VALUES (N'20241128194222_Initial2', N'9.0.0');
2024-12-06 17:59:39.226 +02:00 [INF] info: 06/12/2024 17:59:39.226 RelationalEventId.CommandExecuted[20101] (Microsoft.EntityFrameworkCore.Database.Command) 
      Executed DbCommand (1ms) [Parameters=[], CommandType='Text', CommandTimeout='30']
      INSERT INTO [__EFMigrationsHistory] ([MigrationId], [ProductVersion])
      VALUES (N'20241128194222_Initial2', N'9.0.0');
2024-12-06 17:59:39.226 +02:00 [INF] Applying migration '20241129132706_Initial3'.
2024-12-06 17:59:39.242 +02:00 [INF] Executed DbCommand (10ms) [Parameters=[], CommandType='"Text"', CommandTimeout='30']
DECLARE @var4 sysname;
SELECT @var4 = [d].[name]
FROM [sys].[default_constraints] [d]
INNER JOIN [sys].[columns] [c] ON [d].[parent_column_id] = [c].[column_id] AND [d].[parent_object_id] = [c].[object_id]
WHERE ([d].[parent_object_id] = OBJECT_ID(N'[Users]') AND [c].[name] = N'Email');
IF @var4 IS NOT NULL EXEC(N'ALTER TABLE [Users] DROP CONSTRAINT [' + @var4 + '];');
ALTER TABLE [Users] ALTER COLUMN [Email] nvarchar(100) NOT NULL;
2024-12-06 17:59:39.242 +02:00 [INF] info: 06/12/2024 17:59:39.242 RelationalEventId.CommandExecuted[20101] (Microsoft.EntityFrameworkCore.Database.Command) 
      Executed DbCommand (10ms) [Parameters=[], CommandType='Text', CommandTimeout='30']
      DECLARE @var4 sysname;
      SELECT @var4 = [d].[name]
      FROM [sys].[default_constraints] [d]
      INNER JOIN [sys].[columns] [c] ON [d].[parent_column_id] = [c].[column_id] AND [d].[parent_object_id] = [c].[object_id]
      WHERE ([d].[parent_object_id] = OBJECT_ID(N'[Users]') AND [c].[name] = N'Email');
      IF @var4 IS NOT NULL EXEC(N'ALTER TABLE [Users] DROP CONSTRAINT [' + @var4 + '];');
      ALTER TABLE [Users] ALTER COLUMN [Email] nvarchar(100) NOT NULL;
2024-12-06 17:59:39.245 +02:00 [INF] Executed DbCommand (3ms) [Parameters=[], CommandType='"Text"', CommandTimeout='30']
ALTER TABLE [Users] ADD [Password] nvarchar(100) NOT NULL DEFAULT N'';
2024-12-06 17:59:39.245 +02:00 [INF] info: 06/12/2024 17:59:39.245 RelationalEventId.CommandExecuted[20101] (Microsoft.EntityFrameworkCore.Database.Command) 
      Executed DbCommand (3ms) [Parameters=[], CommandType='Text', CommandTimeout='30']
      ALTER TABLE [Users] ADD [Password] nvarchar(100) NOT NULL DEFAULT N'';
2024-12-06 17:59:39.245 +02:00 [INF] Executed DbCommand (0ms) [Parameters=[], CommandType='"Text"', CommandTimeout='30']
INSERT INTO [__EFMigrationsHistory] ([MigrationId], [ProductVersion])
VALUES (N'20241129132706_Initial3', N'9.0.0');
 RelationalEventId.CommandExecuted[20101] (Microsoft.EntityFrameworkCore.Database.Command) 
      Executed DbCommand (0ms) [Parameters=[], CommandType='Text', CommandTimeout='30']
      INSERT INTO [__EFMigrationsHistory] ([MigrationId], [ProductVersion])
      VALUES (N'20241129132706_Initial3', N'9.0.0');
[INF] Executed DbCommand (1ms) [Parameters=[], CommandType='"Text"', CommandTimeout='30']
DECLARE @result int;
EXEC @result = sp_releaseapplock @Resource = '__EFMigrationsLock', @LockOwner = 'Session';
SELECT @result
RelationalEventId.CommandExecuted[20101] (Microsoft.EntityFrameworkCore.Database.Command) 
      Executed DbCommand (1ms) [Parameters=[], CommandType='Text', CommandTimeout='30']
      DECLARE @result int;
      EXEC @result = sp_releaseapplock @Resource = '__EFMigrationsLock', @LockOwner = 'Session';
      SELECT @result

